# JRE version: Java(TM) SE Runtime Environment (8.0_66-b17) (build 1.8.0_66-b17)
# Java VM: Java HotSpot(TM) 64-Bit Server VM (25.66-b17 mixed mode windows-amd64 compressed oops)
Heap:
 PSYoungGen      total 166912K, used 53010K [0x00000000eab00000, 0x00000000f5a80000, 0x0000000100000000)
  eden space 159232K, 29% used [0x00000000eab00000,0x00000000ed88fa00,0x00000000f4680000)
  from space 7680K, 82% used [0x00000000f5300000,0x00000000f5934ed8,0x00000000f5a80000)
  to   space 10240K, 0% used [0x00000000f4680000,0x00000000f4680000,0x00000000f5080000)
 ParOldGen       total 57344K, used 11478K [0x00000000c0000000, 0x00000000c3800000, 0x00000000eab00000)
  object space 57344K, 20% used [0x00000000c0000000,0x00000000c0b358c8,0x00000000c3800000)
 Metaspace       used 29010K, capacity 29896K, committed 30080K, reserved 1075200K
  class space    used 3772K, capacity 4121K, committed 4224K, reserved 1048576K
GC Heap History (10 events):
Event: 12.678 GC heap before
{Heap before GC invocations=7 (full 1):
 PSYoungGen      total 38400K, used 34884K [0x00000000eab00000, 0x00000000ef980000, 0x0000000100000000)
  eden space 33280K, 100% used [0x00000000eab00000,0x00000000ecb80000,0x00000000ecb80000)
  from space 5120K, 31% used [0x00000000ecb80000,0x00000000ecd11128,0x00000000ed080000)
  to   space 10752K, 0% used [0x00000000eef00000,0x00000000eef00000,0x00000000ef980000)
 ParOldGen       total 57344K, used 7966K [0x00000000c0000000, 0x00000000c3800000, 0x00000000eab00000)
  object space 57344K, 13% used [0x00000000c0000000,0x00000000c07c7be8,0x00000000c3800000)
 Metaspace       used 21733K, capacity 22102K, committed 22272K, reserved 1069056K
  class space    used 2919K, capacity 3051K, committed 3072K, reserved 1048576K
Event: 12.702 GC heap after
Heap after GC invocations=7 (full 1):
 PSYoungGen      total 69120K, used 1248K [0x00000000eab00000, 0x00000000efd80000, 0x0000000100000000)
  eden space 58368K, 0% used [0x00000000eab00000,0x00000000eab00000,0x00000000ee400000)
  from space 10752K, 11% used [0x00000000eef00000,0x00000000ef038020,0x00000000ef980000)
  to   space 11264K, 0% used [0x00000000ee400000,0x00000000ee400000,0x00000000eef00000)
 ParOldGen       total 57344K, used 7974K [0x00000000c0000000, 0x00000000c3800000, 0x00000000eab00000)
  object space 57344K, 13% used [0x00000000c0000000,0x00000000c07c9be8,0x00000000c3800000)
 Metaspace       used 21733K, capacity 22102K, committed 22272K, reserved 1069056K
  class space    used 2919K, capacity 3051K, committed 3072K, reserved 1048576K
}
Event: 13.472 GC heap before
{Heap before GC invocations=8 (full 1):
 PSYoungGen      total 69120K, used 59616K [0x00000000eab00000, 0x00000000efd80000, 0x0000000100000000)
  eden space 58368K, 100% used [0x00000000eab00000,0x00000000ee400000,0x00000000ee400000)
  from space 10752K, 11% used [0x00000000eef00000,0x00000000ef038020,0x00000000ef980000)
  to   space 11264K, 0% used [0x00000000ee400000,0x00000000ee400000,0x00000000eef00000)
 ParOldGen       total 57344K, used 7974K [0x00000000c0000000, 0x00000000c3800000, 0x00000000eab00000)
  object space 57344K, 13% used [0x00000000c0000000,0x00000000c07c9be8,0x00000000c3800000)
 Metaspace       used 22165K, capacity 22614K, committed 22912K, reserved 1069056K
  class space    used 2963K, capacity 3115K, committed 3200K, reserved 1048576K
Event: 13.520 GC heap after
Heap after GC invocations=8 (full 1):
 PSYoungGen      total 69632K, used 2206K [0x00000000eab00000, 0x00000000f2c00000, 0x0000000100000000)
  eden space 58368K, 0% used [0x00000000eab00000,0x00000000eab00000,0x00000000ee400000)
  from space 11264K, 19% used [0x00000000ee400000,0x00000000ee627b58,0x00000000eef00000)
  to   space 11264K, 0% used [0x00000000f2100000,0x00000000f2100000,0x00000000f2c00000)
 ParOldGen       total 57344K, used 7982K [0x00000000c0000000, 0x00000000c3800000, 0x00000000eab00000)
  object space 57344K, 13% used [0x00000000c0000000,0x00000000c07cbbe8,0x00000000c3800000)
 Metaspace       used 22165K, capacity 22614K, committed 22912K, reserved 1069056K
  class space    used 2963K, capacity 3115K, committed 3200K, reserved 1048576K
}
Event: 16.689 GC heap before
{Heap before GC invocations=9 (full 1):
 PSYoungGen      total 69632K, used 60574K [0x00000000eab00000, 0x00000000f2c00000, 0x0000000100000000)
  eden space 58368K, 100% used [0x00000000eab00000,0x00000000ee400000,0x00000000ee400000)
  from space 11264K, 19% used [0x00000000ee400000,0x00000000ee627b58,0x00000000eef00000)
  to   space 11264K, 0% used [0x00000000f2100000,0x00000000f2100000,0x00000000f2c00000)
 ParOldGen       total 57344K, used 7982K [0x00000000c0000000, 0x00000000c3800000, 0x00000000eab00000)
  object space 57344K, 13% used [0x00000000c0000000,0x00000000c07cbbe8,0x00000000c3800000)
 Metaspace       used 23794K, capacity 24384K, committed 24576K, reserved 1071104K
  class space    used 3058K, capacity 3248K, committed 3328K, reserved 1048576K
Event: 16.737 GC heap after
Heap after GC invocations=9 (full 1):
 PSYoungGen      total 116736K, used 4177K [0x00000000eab00000, 0x00000000f2980000, 0x0000000100000000)
  eden space 108032K, 0% used [0x00000000eab00000,0x00000000eab00000,0x00000000f1480000)
  from space 8704K, 47% used [0x00000000f2100000,0x00000000f25147a0,0x00000000f2980000)
  to   space 10752K, 0% used [0x00000000f1480000,0x00000000f1480000,0x00000000f1f00000)
 ParOldGen       total 57344K, used 7990K [0x00000000c0000000, 0x00000000c3800000, 0x00000000eab00000)
  object space 57344K, 13% used [0x00000000c0000000,0x00000000c07cdbe8,0x00000000c3800000)
 Metaspace       used 23794K, capacity 24384K, committed 24576K, reserved 1071104K
  class space    used 3058K, capacity 3248K, committed 3328K, reserved 1048576K
}
Event: 18.040 GC heap before
{Heap before GC invocations=10 (full 1):
 PSYoungGen      total 116736K, used 112209K [0x00000000eab00000, 0x00000000f2980000, 0x0000000100000000)
  eden space 108032K, 100% used [0x00000000eab00000,0x00000000f1480000,0x00000000f1480000)
  from space 8704K, 47% used [0x00000000f2100000,0x00000000f25147a0,0x00000000f2980000)
  to   space 10752K, 0% used [0x00000000f1480000,0x00000000f1480000,0x00000000f1f00000)
 ParOldGen       total 57344K, used 7990K [0x00000000c0000000, 0x00000000c3800000, 0x00000000eab00000)
  object space 57344K, 13% used [0x00000000c0000000,0x00000000c07cdbe8,0x00000000c3800000)
 Metaspace       used 23798K, capacity 24384K, committed 24576K, reserved 1071104K
  class space    used 3058K, capacity 3248K, committed 3328K, reserved 1048576K
Event: 18.055 GC heap after
Heap after GC invocations=10 (full 1):
 PSYoungGen      total 118784K, used 2640K [0x00000000eab00000, 0x00000000f5d00000, 0x0000000100000000)
  eden space 108032K, 0% used [0x00000000eab00000,0x00000000eab00000,0x00000000f1480000)
  from space 10752K, 24% used [0x00000000f1480000,0x00000000f1714010,0x00000000f1f00000)
  to   space 10240K, 0% used [0x00000000f5300000,0x00000000f5300000,0x00000000f5d00000)
 ParOldGen       total 57344K, used 9175K [0x00000000c0000000, 0x00000000c3800000, 0x00000000eab00000)
  object space 57344K, 15% used [0x00000000c0000000,0x00000000c08f5c28,0x00000000c3800000)
 Metaspace       used 23798K, capacity 24384K, committed 24576K, reserved 1071104K
  class space    used 3058K, capacity 3248K, committed 3328K, reserved 1048576K
}
Event: 19.977 GC heap before
{Heap before GC invocations=11 (full 1):
 PSYoungGen      total 118784K, used 110672K [0x00000000eab00000, 0x00000000f5d00000, 0x0000000100000000)
  eden space 108032K, 100% used [0x00000000eab00000,0x00000000f1480000,0x00000000f1480000)
  from space 10752K, 24% used [0x00000000f1480000,0x00000000f1714010,0x00000000f1f00000)
  to   space 10240K, 0% used [0x00000000f5300000,0x00000000f5300000,0x00000000f5d00000)
 ParOldGen       total 57344K, used 9175K [0x00000000c0000000, 0x00000000c3800000, 0x00000000eab00000)
  object space 57344K, 15% used [0x00000000c0000000,0x00000000c08f5c28,0x00000000c3800000)
 Metaspace       used 25482K, capacity 26214K, committed 26496K, reserved 1073152K
  class space    used 3331K, capacity 3627K, committed 3712K, reserved 1048576K
Event: 19.988 GC heap after
Heap after GC invocations=11 (full 1):
 PSYoungGen      total 166912K, used 6355K [0x00000000eab00000, 0x00000000f5a80000, 0x0000000100000000)
  eden space 159232K, 0% used [0x00000000eab00000,0x00000000eab00000,0x00000000f4680000)
  from space 7680K, 82% used [0x00000000f5300000,0x00000000f5934ed8,0x00000000f5a80000)
  to   space 10240K, 0% used [0x00000000f4680000,0x00000000f4680000,0x00000000f5080000)
 ParOldGen       total 57344K, used 11478K [0x00000000c0000000, 0x00000000c3800000, 0x00000000eab00000)
  object space 57344K, 20% used [0x00000000c0000000,0x00000000c0b358c8,0x00000000c3800000)
 Metaspace       used 25482K, capacity 26214K, committed 26496K, reserved 1073152K
  class space    used 3331K, capacity 3627K, committed 3712K, reserved 1048576K
}

